#! /c/Source/iverilog-install/bin/vvp
:ivl_version "12.0 (devel)" "(s20150603-1539-g2693dd32b)";
:ivl_delay_selection "TYPICAL";
:vpi_time_precision - 9;
:vpi_module "C:\iverilog\lib\ivl\system.vpi";
:vpi_module "C:\iverilog\lib\ivl\vhdl_sys.vpi";
:vpi_module "C:\iverilog\lib\ivl\vhdl_textio.vpi";
:vpi_module "C:\iverilog\lib\ivl\v2005_math.vpi";
:vpi_module "C:\iverilog\lib\ivl\va_math.vpi";
S_00000228d803b340 .scope module, "Simulacao" "Simulacao" 2 16;
 .timescale -9 -9;
v00000228d80985c0_0 .var "clk", 0 0;
v00000228d8098160_0 .var "reset", 0 0;
S_00000228d8023ce0 .scope module, "processador" "Processador" 2 21, 3 2 0, S_00000228d803b340;
 .timescale -9 -9;
    .port_info 0 /INPUT 1 "clk";
    .port_info 1 /INPUT 1 "reset";
L_00000228d8024ed0 .functor AND 1, v00000228d8039f90_0, L_00000228d80aab80, C4<1>, C4<1>;
v00000228d8097f80_0 .net "FontePC", 0 0, L_00000228d8024ed0;  1 drivers
v00000228d8098ac0_0 .net "alu_control", 3 0, v00000228d8096160_0;  1 drivers
v00000228d8097bc0_0 .net "alu_op", 1 0, v00000228d8039e50_0;  1 drivers
v00000228d8097b20_0 .net "alu_result", 31 0, v00000228d8095260_0;  1 drivers
v00000228d8099420_0 .net "alu_src", 0 0, v00000228d8038730_0;  1 drivers
o00000228d803c508 .functor BUFZ 32, C4<zzzzzzzzzzzzzzzzzzzzzzzzzzzzzzzz>; HiZ drive
v00000228d8099560_0 .net "alu_src_b", 31 0, o00000228d803c508;  0 drivers
v00000228d8098a20_0 .net "branch", 0 0, v00000228d8039f90_0;  1 drivers
v00000228d8097ee0_0 .net "clk", 0 0, v00000228d80985c0_0;  1 drivers
v00000228d8099240_0 .net "endereco_deslocado", 31 0, L_00000228d80ab440;  1 drivers
v00000228d8098b60_0 .net "instruction", 31 0, L_00000228d8024d10;  1 drivers
v00000228d80988e0_0 .net "mem_read", 0 0, v00000228d8039b30_0;  1 drivers
v00000228d8098020_0 .net "mem_to_reg", 0 0, v00000228d8038f50_0;  1 drivers
v00000228d8098f20_0 .net "mem_write", 0 0, v00000228d803a030_0;  1 drivers
v00000228d8098ca0_0 .var "pc", 31 0;
v00000228d8099100_0 .net "pc_desvio", 31 0, L_00000228d80ab4e0;  1 drivers
v00000228d8099740_0 .net "pc_incrementado", 31 0, L_00000228d80991a0;  1 drivers
v00000228d80982a0_0 .net "read_data1", 31 0, L_00000228d8024d80;  1 drivers
v00000228d80992e0_0 .net "read_data2", 31 0, L_00000228d8024e60;  1 drivers
v00000228d8098d40_0 .net "read_data_mem", 31 0, L_00000228d80aa860;  1 drivers
v00000228d8098de0_0 .net "reg_dst", 0 0, v00000228d8038d70_0;  1 drivers
v00000228d8098e80_0 .net "reg_write", 0 0, v00000228d8038c30_0;  1 drivers
v00000228d8098520_0 .net "reset", 0 0, v00000228d8098160_0;  1 drivers
v00000228d8097d00_0 .net "sign_extended", 31 0, L_00000228d8098340;  1 drivers
o00000228d803bfc8 .functor BUFZ 32, C4<zzzzzzzzzzzzzzzzzzzzzzzzzzzzzzzz>; HiZ drive
v00000228d8099600_0 .net "write_data", 31 0, o00000228d803bfc8;  0 drivers
o00000228d803bff8 .functor BUFZ 5, C4<zzzzz>; HiZ drive
v00000228d8098700_0 .net "write_register", 4 0, o00000228d803bff8;  0 drivers
v00000228d8097a80_0 .net "zero", 0 0, L_00000228d80aab80;  1 drivers
E_00000228d8030a20 .event posedge, v00000228d8098520_0, v00000228d8038410_0;
L_00000228d8098840 .part L_00000228d8024d10, 26, 6;
L_00000228d80994c0 .part L_00000228d8024d10, 21, 5;
L_00000228d80996a0 .part L_00000228d8024d10, 16, 5;
L_00000228d8097c60 .part L_00000228d8024d10, 16, 5;
L_00000228d80980c0 .part L_00000228d8024d10, 11, 5;
L_00000228d80983e0 .part L_00000228d8024d10, 0, 16;
L_00000228d8098c00 .part L_00000228d8024d10, 0, 6;
S_00000228d8023e70 .scope module, "Control" "Control" 3 42, 4 1 0, S_00000228d8023ce0;
 .timescale -9 -9;
    .port_info 0 /INPUT 6 "opcode";
    .port_info 1 /OUTPUT 1 "RegDst";
    .port_info 2 /OUTPUT 1 "Branch";
    .port_info 3 /OUTPUT 1 "MemRead";
    .port_info 4 /OUTPUT 1 "MemtoReg";
    .port_info 5 /OUTPUT 2 "ALUOp";
    .port_info 6 /OUTPUT 1 "MemWrite";
    .port_info 7 /OUTPUT 1 "ALUSrc";
    .port_info 8 /OUTPUT 1 "RegWrite";
v00000228d8039e50_0 .var "ALUOp", 1 0;
v00000228d8038730_0 .var "ALUSrc", 0 0;
v00000228d8039f90_0 .var "Branch", 0 0;
v00000228d8039b30_0 .var "MemRead", 0 0;
v00000228d803a030_0 .var "MemWrite", 0 0;
v00000228d8038f50_0 .var "MemtoReg", 0 0;
v00000228d8038d70_0 .var "RegDst", 0 0;
v00000228d8038c30_0 .var "RegWrite", 0 0;
v00000228d803a210_0 .net "opcode", 5 0, L_00000228d8098840;  1 drivers
E_00000228d8030be0 .event anyedge, v00000228d803a210_0;
S_00000228d801bac0 .scope module, "DM" "DataMemory" 3 105, 5 1 0, S_00000228d8023ce0;
 .timescale -9 -9;
    .port_info 0 /INPUT 1 "clk";
    .port_info 1 /INPUT 1 "MemRead";
    .port_info 2 /INPUT 1 "MemWrite";
    .port_info 3 /INPUT 32 "address";
    .port_info 4 /INPUT 32 "writeData";
    .port_info 5 /OUTPUT 32 "readData";
v00000228d80389b0_0 .net "MemRead", 0 0, v00000228d8039b30_0;  alias, 1 drivers
v00000228d803a0d0_0 .net "MemWrite", 0 0, v00000228d803a030_0;  alias, 1 drivers
v00000228d8038b90_0 .net *"_ivl_0", 31 0, L_00000228d80a9fa0;  1 drivers
v00000228d8039630_0 .net *"_ivl_3", 7 0, L_00000228d80aafe0;  1 drivers
v00000228d8039810_0 .net *"_ivl_4", 9 0, L_00000228d80aa2c0;  1 drivers
L_00000228d80b0280 .functor BUFT 1, C4<00>, C4<0>, C4<0>, C4<0>;
v00000228d8038870_0 .net *"_ivl_7", 1 0, L_00000228d80b0280;  1 drivers
L_00000228d80b02c8 .functor BUFT 1, C4<00000000000000000000000000000000>, C4<0>, C4<0>, C4<0>;
v00000228d8039d10_0 .net/2u *"_ivl_8", 31 0, L_00000228d80b02c8;  1 drivers
v00000228d8038690_0 .net "address", 31 0, v00000228d8095260_0;  alias, 1 drivers
v00000228d8038410_0 .net "clk", 0 0, v00000228d80985c0_0;  alias, 1 drivers
v00000228d8038cd0_0 .var/i "i", 31 0;
v00000228d80393b0 .array "memory", 0 255, 31 0;
v00000228d80396d0_0 .net "readData", 31 0, L_00000228d80aa860;  alias, 1 drivers
v00000228d8039770_0 .net "writeData", 31 0, L_00000228d8024e60;  alias, 1 drivers
E_00000228d80302a0 .event posedge, v00000228d8038410_0;
L_00000228d80a9fa0 .array/port v00000228d80393b0, L_00000228d80aa2c0;
L_00000228d80aafe0 .part v00000228d8095260_0, 2, 8;
L_00000228d80aa2c0 .concat [ 8 2 0 0], L_00000228d80aafe0, L_00000228d80b0280;
L_00000228d80aa860 .functor MUXZ 32, L_00000228d80b02c8, L_00000228d80a9fa0, v00000228d8039b30_0, C4<>;
S_00000228d801bc50 .scope module, "MI" "MemoriaDeInstrucoes" 3 36, 6 1 0, S_00000228d8023ce0;
 .timescale -9 -9;
    .port_info 0 /INPUT 32 "addr";
    .port_info 1 /OUTPUT 32 "instrucao";
L_00000228d8024d10 .functor BUFZ 32, L_00000228d8098fc0, C4<00000000000000000000000000000000>, C4<00000000000000000000000000000000>, C4<00000000000000000000000000000000>;
v00000228d8038e10_0 .net *"_ivl_0", 31 0, L_00000228d8098fc0;  1 drivers
v00000228d803a170_0 .net *"_ivl_3", 7 0, L_00000228d8099060;  1 drivers
v00000228d80398b0_0 .net *"_ivl_4", 9 0, L_00000228d8098660;  1 drivers
L_00000228d80b00d0 .functor BUFT 1, C4<00>, C4<0>, C4<0>, C4<0>;
v00000228d8038a50_0 .net *"_ivl_7", 1 0, L_00000228d80b00d0;  1 drivers
v00000228d8038eb0_0 .net "addr", 31 0, v00000228d8098ca0_0;  1 drivers
v00000228d8039270_0 .var/i "i", 31 0;
v00000228d80394f0_0 .net "instrucao", 31 0, L_00000228d8024d10;  alias, 1 drivers
v00000228d8038370 .array "memoria", 0 255, 31 0;
L_00000228d8098fc0 .array/port v00000228d8038370, L_00000228d8098660;
L_00000228d8099060 .part v00000228d8098ca0_0, 2, 8;
L_00000228d8098660 .concat [ 8 2 0 0], L_00000228d8099060, L_00000228d80b00d0;
S_00000228d80090e0 .scope module, "RF" "Registradores" 3 55, 7 1 0, S_00000228d8023ce0;
 .timescale -9 -9;
    .port_info 0 /INPUT 1 "clk";
    .port_info 1 /INPUT 5 "ReadRegister1";
    .port_info 2 /INPUT 5 "ReadRegister2";
    .port_info 3 /INPUT 5 "WriteRegister";
    .port_info 4 /INPUT 32 "WriteData";
    .port_info 5 /INPUT 1 "RegWrite";
    .port_info 6 /OUTPUT 32 "ReadData1";
    .port_info 7 /OUTPUT 32 "ReadData2";
L_00000228d8024d80 .functor BUFZ 32, L_00000228d80978a0, C4<00000000000000000000000000000000>, C4<00000000000000000000000000000000>, C4<00000000000000000000000000000000>;
L_00000228d8024e60 .functor BUFZ 32, L_00000228d8099380, C4<00000000000000000000000000000000>, C4<00000000000000000000000000000000>, C4<00000000000000000000000000000000>;
v00000228d8038af0_0 .net "ReadData1", 31 0, L_00000228d8024d80;  alias, 1 drivers
v00000228d8039950_0 .net "ReadData2", 31 0, L_00000228d8024e60;  alias, 1 drivers
v00000228d80384b0_0 .net "ReadRegister1", 4 0, L_00000228d80994c0;  1 drivers
v00000228d8038550_0 .net "ReadRegister2", 4 0, L_00000228d80996a0;  1 drivers
v00000228d80387d0_0 .net "RegWrite", 0 0, v00000228d8038c30_0;  alias, 1 drivers
v00000228d8038910_0 .net "WriteData", 31 0, o00000228d803bfc8;  alias, 0 drivers
v00000228d8039450_0 .net "WriteRegister", 4 0, o00000228d803bff8;  alias, 0 drivers
v00000228d8038ff0_0 .net *"_ivl_0", 31 0, L_00000228d80978a0;  1 drivers
v00000228d8039090_0 .net *"_ivl_10", 6 0, L_00000228d8097940;  1 drivers
L_00000228d80b0160 .functor BUFT 1, C4<00>, C4<0>, C4<0>, C4<0>;
v00000228d8039130_0 .net *"_ivl_13", 1 0, L_00000228d80b0160;  1 drivers
v00000228d80391d0_0 .net *"_ivl_2", 6 0, L_00000228d8097da0;  1 drivers
L_00000228d80b0118 .functor BUFT 1, C4<00>, C4<0>, C4<0>, C4<0>;
v00000228d8039590_0 .net *"_ivl_5", 1 0, L_00000228d80b0118;  1 drivers
v00000228d80399f0_0 .net *"_ivl_8", 31 0, L_00000228d8099380;  1 drivers
v00000228d8039a90_0 .net "clk", 0 0, v00000228d80985c0_0;  alias, 1 drivers
v00000228d8039bd0_0 .var/i "i", 31 0;
v00000228d8039c70 .array "registers", 0 31, 31 0;
E_00000228d80305a0 .event anyedge, v00000228d8038c30_0, v00000228d8039450_0, v00000228d8038910_0;
L_00000228d80978a0 .array/port v00000228d8039c70, L_00000228d8097da0;
L_00000228d8097da0 .concat [ 5 2 0 0], L_00000228d80994c0, L_00000228d80b0118;
L_00000228d8099380 .array/port v00000228d8039c70, L_00000228d8097940;
L_00000228d8097940 .concat [ 5 2 0 0], L_00000228d80996a0, L_00000228d80b0160;
S_00000228d8009270 .scope module, "SE" "SignExtend" 3 75, 8 1 0, S_00000228d8023ce0;
 .timescale -9 -9;
    .port_info 0 /INPUT 16 "in";
    .port_info 1 /OUTPUT 32 "out";
v00000228d80962a0_0 .net *"_ivl_1", 0 0, L_00000228d8097e40;  1 drivers
v00000228d8095ee0_0 .net *"_ivl_2", 15 0, L_00000228d8098200;  1 drivers
v00000228d8096200_0 .net "in", 15 0, L_00000228d80983e0;  1 drivers
v00000228d8095da0_0 .net "out", 31 0, L_00000228d8098340;  alias, 1 drivers
L_00000228d8097e40 .part L_00000228d80983e0, 15, 1;
LS_00000228d8098200_0_0 .concat [ 1 1 1 1], L_00000228d8097e40, L_00000228d8097e40, L_00000228d8097e40, L_00000228d8097e40;
LS_00000228d8098200_0_4 .concat [ 1 1 1 1], L_00000228d8097e40, L_00000228d8097e40, L_00000228d8097e40, L_00000228d8097e40;
LS_00000228d8098200_0_8 .concat [ 1 1 1 1], L_00000228d8097e40, L_00000228d8097e40, L_00000228d8097e40, L_00000228d8097e40;
LS_00000228d8098200_0_12 .concat [ 1 1 1 1], L_00000228d8097e40, L_00000228d8097e40, L_00000228d8097e40, L_00000228d8097e40;
L_00000228d8098200 .concat [ 4 4 4 4], LS_00000228d8098200_0_0, LS_00000228d8098200_0_4, LS_00000228d8098200_0_8, LS_00000228d8098200_0_12;
L_00000228d8098340 .concat [ 16 16 0 0], L_00000228d80983e0, L_00000228d8098200;
S_00000228d8020260 .scope module, "add4" "Add4" 3 30, 9 1 0, S_00000228d8023ce0;
 .timescale -9 -9;
    .port_info 0 /INPUT 32 "in";
    .port_info 1 /OUTPUT 32 "out";
L_00000228d80b0088 .functor BUFT 1, C4<00000000000000000000000000000100>, C4<0>, C4<0>, C4<0>;
v00000228d8096520_0 .net/2u *"_ivl_0", 31 0, L_00000228d80b0088;  1 drivers
v00000228d8095a80_0 .net "in", 31 0, v00000228d8098ca0_0;  alias, 1 drivers
v00000228d8096a20_0 .net "out", 31 0, L_00000228d80991a0;  alias, 1 drivers
L_00000228d80991a0 .arith/sum 32, v00000228d8098ca0_0, L_00000228d80b0088;
S_00000228d80203f0 .scope module, "alu" "ALU" 3 96, 10 1 0, S_00000228d8023ce0;
 .timescale -9 -9;
    .port_info 0 /INPUT 32 "A";
    .port_info 1 /INPUT 32 "B";
    .port_info 2 /INPUT 4 "ALUOperation";
    .port_info 3 /OUTPUT 32 "ALUResult";
    .port_info 4 /OUTPUT 1 "Zero";
v00000228d8096f20_0 .net "A", 31 0, L_00000228d8024d80;  alias, 1 drivers
v00000228d80953a0_0 .net "ALUOperation", 3 0, v00000228d8096160_0;  alias, 1 drivers
v00000228d8095260_0 .var "ALUResult", 31 0;
v00000228d8096840_0 .net "B", 31 0, o00000228d803c508;  alias, 0 drivers
v00000228d8095620_0 .net "Zero", 0 0, L_00000228d80aab80;  alias, 1 drivers
L_00000228d80b01a8 .functor BUFT 1, C4<00000000000000000000000000000000>, C4<0>, C4<0>, C4<0>;
v00000228d8096c00_0 .net/2u *"_ivl_0", 31 0, L_00000228d80b01a8;  1 drivers
v00000228d8095800_0 .net *"_ivl_2", 0 0, L_00000228d80aad60;  1 drivers
L_00000228d80b01f0 .functor BUFT 1, C4<1>, C4<0>, C4<0>, C4<0>;
v00000228d80956c0_0 .net/2u *"_ivl_4", 0 0, L_00000228d80b01f0;  1 drivers
L_00000228d80b0238 .functor BUFT 1, C4<0>, C4<0>, C4<0>, C4<0>;
v00000228d8096ca0_0 .net/2u *"_ivl_6", 0 0, L_00000228d80b0238;  1 drivers
E_00000228d8030760 .event anyedge, v00000228d80953a0_0, v00000228d8038af0_0, v00000228d8096840_0;
L_00000228d80aad60 .cmp/eq 32, v00000228d8095260_0, L_00000228d80b01a8;
L_00000228d80aab80 .functor MUXZ 1, L_00000228d80b0238, L_00000228d80b01f0, L_00000228d80aad60, C4<>;
S_00000228d8020790 .scope module, "alu_ctrl" "ALUControl" 3 89, 11 1 0, S_00000228d8023ce0;
 .timescale -9 -9;
    .port_info 0 /INPUT 2 "ALUOp";
    .port_info 1 /INPUT 6 "funct";
    .port_info 2 /OUTPUT 4 "ALUControl";
v00000228d8096160_0 .var "ALUControl", 3 0;
v00000228d8095300_0 .net "ALUOp", 1 0, v00000228d8039e50_0;  alias, 1 drivers
v00000228d80958a0_0 .net "funct", 5 0, L_00000228d8098c00;  1 drivers
E_00000228d802ff60 .event anyedge, v00000228d8039e50_0, v00000228d80958a0_0;
S_00000228d8020920 .scope module, "desloca_esquerda_2" "ShiftLeft2" 3 122, 12 1 0, S_00000228d8023ce0;
 .timescale -9 -9;
    .port_info 0 /INPUT 32 "in";
    .port_info 1 /OUTPUT 32 "out";
v00000228d8095760_0 .net *"_ivl_2", 29 0, L_00000228d80ab080;  1 drivers
L_00000228d80b0310 .functor BUFT 1, C4<00>, C4<0>, C4<0>, C4<0>;
v00000228d8095080_0 .net *"_ivl_4", 1 0, L_00000228d80b0310;  1 drivers
v00000228d8096e80_0 .net "in", 31 0, L_00000228d8098340;  alias, 1 drivers
v00000228d80965c0_0 .net "out", 31 0, L_00000228d80ab440;  alias, 1 drivers
L_00000228d80ab080 .part L_00000228d8098340, 0, 30;
L_00000228d80ab440 .concat [ 2 30 0 0], L_00000228d80b0310, L_00000228d80ab080;
S_00000228d7ffd110 .scope module, "mux_alu_src" "Mux32" 3 81, 13 1 0, S_00000228d8023ce0;
 .timescale -9 -9;
    .port_info 0 /INPUT 32 "entrada0";
    .port_info 1 /INPUT 32 "entrada1";
    .port_info 2 /INPUT 1 "sel";
    .port_info 3 /OUTPUT 32 "saida";
v00000228d8095940_0 .net *"_ivl_0", 31 0, L_00000228d8098480;  1 drivers
v00000228d80951c0_0 .net "entrada0", 31 0, L_00000228d8024e60;  alias, 1 drivers
v00000228d8096700_0 .net "entrada1", 31 0, L_00000228d8098340;  alias, 1 drivers
v00000228d80963e0_0 .net "out", 0 0, L_00000228d8098980;  1 drivers
v00000228d8095120_0 .net "saida", 31 0, o00000228d803c508;  alias, 0 drivers
v00000228d8095bc0_0 .net "sel", 0 0, v00000228d8038730_0;  alias, 1 drivers
L_00000228d8098480 .functor MUXZ 32, L_00000228d8024e60, L_00000228d8098340, v00000228d8038730_0, C4<>;
L_00000228d8098980 .part L_00000228d8098480, 0, 1;
S_00000228d7ffd2a0 .scope module, "mux_fonte_pc" "Mux32" 3 136, 13 1 0, S_00000228d8023ce0;
 .timescale -9 -9;
    .port_info 0 /INPUT 32 "entrada0";
    .port_info 1 /INPUT 32 "entrada1";
    .port_info 2 /INPUT 1 "sel";
    .port_info 3 /OUTPUT 32 "saida";
v00000228d8095580_0 .net *"_ivl_0", 31 0, L_00000228d80aaa40;  1 drivers
v00000228d8096020_0 .net "entrada0", 31 0, L_00000228d80991a0;  alias, 1 drivers
v00000228d80960c0_0 .net "entrada1", 31 0, L_00000228d80ab4e0;  alias, 1 drivers
v00000228d80959e0_0 .net "out", 0 0, L_00000228d80a9f00;  1 drivers
v00000228d8095440_0 .net "saida", 31 0, L_00000228d80991a0;  alias, 1 drivers
v00000228d8095b20_0 .net "sel", 0 0, L_00000228d8024ed0;  alias, 1 drivers
L_00000228d80aaa40 .functor MUXZ 32, L_00000228d80991a0, L_00000228d80ab4e0, L_00000228d8024ed0, C4<>;
L_00000228d80a9f00 .part L_00000228d80aaa40, 0, 1;
S_00000228d801bff0 .scope module, "mux_mem_to_reg" "Mux32" 3 115, 13 1 0, S_00000228d8023ce0;
 .timescale -9 -9;
    .port_info 0 /INPUT 32 "entrada0";
    .port_info 1 /INPUT 32 "entrada1";
    .port_info 2 /INPUT 1 "sel";
    .port_info 3 /OUTPUT 32 "saida";
v00000228d80968e0_0 .net *"_ivl_0", 31 0, L_00000228d80aa040;  1 drivers
v00000228d8095f80_0 .net "entrada0", 31 0, v00000228d8095260_0;  alias, 1 drivers
v00000228d8096660_0 .net "entrada1", 31 0, L_00000228d80aa860;  alias, 1 drivers
v00000228d8095c60_0 .net "out", 0 0, L_00000228d80a9960;  1 drivers
v00000228d80967a0_0 .net "saida", 31 0, o00000228d803bfc8;  alias, 0 drivers
v00000228d80954e0_0 .net "sel", 0 0, v00000228d8038f50_0;  alias, 1 drivers
L_00000228d80aa040 .functor MUXZ 32, v00000228d8095260_0, L_00000228d80aa860, v00000228d8038f50_0, C4<>;
L_00000228d80a9960 .part L_00000228d80aa040, 0, 1;
S_00000228d801c180 .scope module, "mux_reg_dst" "Mux5" 3 67, 14 1 0, S_00000228d8023ce0;
 .timescale -9 -9;
    .port_info 0 /INPUT 5 "entrada0";
    .port_info 1 /INPUT 5 "entrada1";
    .port_info 2 /INPUT 1 "sel";
    .port_info 3 /OUTPUT 5 "saida";
v00000228d8095d00_0 .net *"_ivl_0", 4 0, L_00000228d80979e0;  1 drivers
v00000228d8096480_0 .net "entrada0", 4 0, L_00000228d8097c60;  1 drivers
v00000228d8095e40_0 .net "entrada1", 4 0, L_00000228d80980c0;  1 drivers
v00000228d8096340_0 .net "out", 0 0, L_00000228d80987a0;  1 drivers
v00000228d8096980_0 .net "saida", 4 0, o00000228d803bff8;  alias, 0 drivers
v00000228d8096ac0_0 .net "sel", 0 0, v00000228d8038d70_0;  alias, 1 drivers
L_00000228d80979e0 .functor MUXZ 5, L_00000228d8097c60, L_00000228d80980c0, v00000228d8038d70_0, C4<>;
L_00000228d80987a0 .part L_00000228d80979e0, 0, 1;
S_00000228d80027e0 .scope module, "somador_desvio" "Adder32" 3 127, 15 1 0, S_00000228d8023ce0;
 .timescale -9 -9;
    .port_info 0 /INPUT 32 "a";
    .port_info 1 /INPUT 32 "b";
    .port_info 2 /OUTPUT 32 "sum";
v00000228d8096b60_0 .net "a", 31 0, L_00000228d80991a0;  alias, 1 drivers
v00000228d8096d40_0 .net "b", 31 0, L_00000228d80ab440;  alias, 1 drivers
v00000228d8096de0_0 .net "sum", 31 0, L_00000228d80ab4e0;  alias, 1 drivers
L_00000228d80ab4e0 .arith/sum 32, L_00000228d80991a0, L_00000228d80ab440;
    .scope S_00000228d801bc50;
T_0 ;
    %pushi/vec4 537395201, 0, 32;
    %ix/load 4, 0, 0;
    %flag_set/imm 4, 0;
    %store/vec4a v00000228d8038370, 4, 0;
    %pushi/vec4 537460738, 0, 32;
    %ix/load 4, 1, 0;
    %flag_set/imm 4, 0;
    %store/vec4a v00000228d8038370, 4, 0;
    %pushi/vec4 17387552, 0, 32;
    %ix/load 4, 2, 0;
    %flag_set/imm 4, 0;
    %store/vec4a v00000228d8038370, 4, 0;
    %pushi/vec4 2886336512, 0, 32;
    %ix/load 4, 3, 0;
    %flag_set/imm 4, 0;
    %store/vec4a v00000228d8038370, 4, 0;
    %pushi/vec4 4, 0, 32;
    %store/vec4 v00000228d8039270_0, 0, 32;
T_0.0 ;
    %load/vec4 v00000228d8039270_0;
    %cmpi/s 256, 0, 32;
    %jmp/0xz T_0.1, 5;
    %pushi/vec4 0, 0, 32;
    %ix/getv/s 4, v00000228d8039270_0;
    %store/vec4a v00000228d8038370, 4, 0;
    %load/vec4 v00000228d8039270_0;
    %addi 1, 0, 32;
    %store/vec4 v00000228d8039270_0, 0, 32;
    %jmp T_0.0;
T_0.1 ;
    %end;
    .thread T_0;
    .scope S_00000228d8023e70;
T_1 ;
    %wait E_00000228d8030be0;
    %pushi/vec4 0, 0, 1;
    %store/vec4 v00000228d8038d70_0, 0, 1;
    %pushi/vec4 0, 0, 1;
    %store/vec4 v00000228d8039f90_0, 0, 1;
    %pushi/vec4 0, 0, 1;
    %store/vec4 v00000228d8039b30_0, 0, 1;
    %pushi/vec4 0, 0, 1;
    %store/vec4 v00000228d8038f50_0, 0, 1;
    %pushi/vec4 0, 0, 2;
    %store/vec4 v00000228d8039e50_0, 0, 2;
    %pushi/vec4 0, 0, 1;
    %store/vec4 v00000228d803a030_0, 0, 1;
    %pushi/vec4 0, 0, 1;
    %store/vec4 v00000228d8038730_0, 0, 1;
    %pushi/vec4 0, 0, 1;
    %store/vec4 v00000228d8038c30_0, 0, 1;
    %load/vec4 v00000228d803a210_0;
    %dup/vec4;
    %pushi/vec4 0, 0, 6;
    %cmp/u;
    %jmp/1 T_1.0, 6;
    %dup/vec4;
    %pushi/vec4 8, 0, 6;
    %cmp/u;
    %jmp/1 T_1.1, 6;
    %dup/vec4;
    %pushi/vec4 35, 0, 6;
    %cmp/u;
    %jmp/1 T_1.2, 6;
    %dup/vec4;
    %pushi/vec4 43, 0, 6;
    %cmp/u;
    %jmp/1 T_1.3, 6;
    %dup/vec4;
    %pushi/vec4 4, 0, 6;
    %cmp/u;
    %jmp/1 T_1.4, 6;
    %jmp T_1.6;
T_1.0 ;
    %pushi/vec4 1, 0, 1;
    %store/vec4 v00000228d8038d70_0, 0, 1;
    %pushi/vec4 1, 0, 1;
    %store/vec4 v00000228d8038c30_0, 0, 1;
    %pushi/vec4 2, 0, 2;
    %store/vec4 v00000228d8039e50_0, 0, 2;
    %jmp T_1.6;
T_1.1 ;
    %pushi/vec4 1, 0, 1;
    %store/vec4 v00000228d8038730_0, 0, 1;
    %pushi/vec4 1, 0, 1;
    %store/vec4 v00000228d8038c30_0, 0, 1;
    %jmp T_1.6;
T_1.2 ;
    %pushi/vec4 1, 0, 1;
    %store/vec4 v00000228d8038730_0, 0, 1;
    %pushi/vec4 1, 0, 1;
    %store/vec4 v00000228d8038f50_0, 0, 1;
    %pushi/vec4 1, 0, 1;
    %store/vec4 v00000228d8038c30_0, 0, 1;
    %pushi/vec4 1, 0, 1;
    %store/vec4 v00000228d8039b30_0, 0, 1;
    %jmp T_1.6;
T_1.3 ;
    %pushi/vec4 1, 0, 1;
    %store/vec4 v00000228d8038730_0, 0, 1;
    %pushi/vec4 1, 0, 1;
    %store/vec4 v00000228d803a030_0, 0, 1;
    %jmp T_1.6;
T_1.4 ;
    %pushi/vec4 1, 0, 1;
    %store/vec4 v00000228d8039f90_0, 0, 1;
    %pushi/vec4 1, 0, 2;
    %store/vec4 v00000228d8039e50_0, 0, 2;
    %jmp T_1.6;
T_1.6 ;
    %pop/vec4 1;
    %jmp T_1;
    .thread T_1, $push;
    .scope S_00000228d80090e0;
T_2 ;
    %pushi/vec4 0, 0, 32;
    %store/vec4 v00000228d8039bd0_0, 0, 32;
T_2.0 ;
    %load/vec4 v00000228d8039bd0_0;
    %cmpi/s 32, 0, 32;
    %jmp/0xz T_2.1, 5;
    %pushi/vec4 0, 0, 32;
    %ix/getv/s 4, v00000228d8039bd0_0;
    %store/vec4a v00000228d8039c70, 4, 0;
    %load/vec4 v00000228d8039bd0_0;
    %addi 1, 0, 32;
    %store/vec4 v00000228d8039bd0_0, 0, 32;
    %jmp T_2.0;
T_2.1 ;
    %end;
    .thread T_2;
    .scope S_00000228d80090e0;
T_3 ;
    %wait E_00000228d80305a0;
    %load/vec4 v00000228d80387d0_0;
    %flag_set/vec4 9;
    %flag_get/vec4 9;
    %jmp/0 T_3.2, 9;
    %load/vec4 v00000228d8039450_0;
    %pushi/vec4 0, 0, 5;
    %cmp/ne;
    %flag_get/vec4 4;
    %and;
T_3.2;
    %flag_set/vec4 8;
    %jmp/0xz  T_3.0, 8;
    %load/vec4 v00000228d8038910_0;
    %load/vec4 v00000228d8039450_0;
    %pad/u 7;
    %ix/vec4 3;
    %ix/load 4, 0, 0; Constant delay
    %assign/vec4/a/d v00000228d8039c70, 0, 4;
T_3.0 ;
    %jmp T_3;
    .thread T_3, $push;
    .scope S_00000228d8020790;
T_4 ;
    %wait E_00000228d802ff60;
    %load/vec4 v00000228d8095300_0;
    %dup/vec4;
    %pushi/vec4 0, 0, 2;
    %cmp/u;
    %jmp/1 T_4.0, 6;
    %dup/vec4;
    %pushi/vec4 1, 0, 2;
    %cmp/u;
    %jmp/1 T_4.1, 6;
    %dup/vec4;
    %pushi/vec4 2, 0, 2;
    %cmp/u;
    %jmp/1 T_4.2, 6;
    %pushi/vec4 0, 0, 4;
    %store/vec4 v00000228d8096160_0, 0, 4;
    %jmp T_4.4;
T_4.0 ;
    %pushi/vec4 2, 0, 4;
    %store/vec4 v00000228d8096160_0, 0, 4;
    %jmp T_4.4;
T_4.1 ;
    %pushi/vec4 6, 0, 4;
    %store/vec4 v00000228d8096160_0, 0, 4;
    %jmp T_4.4;
T_4.2 ;
    %load/vec4 v00000228d80958a0_0;
    %dup/vec4;
    %pushi/vec4 32, 0, 6;
    %cmp/u;
    %jmp/1 T_4.5, 6;
    %dup/vec4;
    %pushi/vec4 34, 0, 6;
    %cmp/u;
    %jmp/1 T_4.6, 6;
    %dup/vec4;
    %pushi/vec4 36, 0, 6;
    %cmp/u;
    %jmp/1 T_4.7, 6;
    %dup/vec4;
    %pushi/vec4 37, 0, 6;
    %cmp/u;
    %jmp/1 T_4.8, 6;
    %dup/vec4;
    %pushi/vec4 42, 0, 6;
    %cmp/u;
    %jmp/1 T_4.9, 6;
    %pushi/vec4 0, 0, 4;
    %store/vec4 v00000228d8096160_0, 0, 4;
    %jmp T_4.11;
T_4.5 ;
    %pushi/vec4 2, 0, 4;
    %store/vec4 v00000228d8096160_0, 0, 4;
    %jmp T_4.11;
T_4.6 ;
    %pushi/vec4 6, 0, 4;
    %store/vec4 v00000228d8096160_0, 0, 4;
    %jmp T_4.11;
T_4.7 ;
    %pushi/vec4 0, 0, 4;
    %store/vec4 v00000228d8096160_0, 0, 4;
    %jmp T_4.11;
T_4.8 ;
    %pushi/vec4 1, 0, 4;
    %store/vec4 v00000228d8096160_0, 0, 4;
    %jmp T_4.11;
T_4.9 ;
    %pushi/vec4 7, 0, 4;
    %store/vec4 v00000228d8096160_0, 0, 4;
    %jmp T_4.11;
T_4.11 ;
    %pop/vec4 1;
    %jmp T_4.4;
T_4.4 ;
    %pop/vec4 1;
    %jmp T_4;
    .thread T_4, $push;
    .scope S_00000228d80203f0;
T_5 ;
    %wait E_00000228d8030760;
    %load/vec4 v00000228d80953a0_0;
    %dup/vec4;
    %pushi/vec4 0, 0, 4;
    %cmp/u;
    %jmp/1 T_5.0, 6;
    %dup/vec4;
    %pushi/vec4 1, 0, 4;
    %cmp/u;
    %jmp/1 T_5.1, 6;
    %dup/vec4;
    %pushi/vec4 2, 0, 4;
    %cmp/u;
    %jmp/1 T_5.2, 6;
    %dup/vec4;
    %pushi/vec4 6, 0, 4;
    %cmp/u;
    %jmp/1 T_5.3, 6;
    %dup/vec4;
    %pushi/vec4 7, 0, 4;
    %cmp/u;
    %jmp/1 T_5.4, 6;
    %dup/vec4;
    %pushi/vec4 12, 0, 4;
    %cmp/u;
    %jmp/1 T_5.5, 6;
    %pushi/vec4 0, 0, 32;
    %store/vec4 v00000228d8095260_0, 0, 32;
    %jmp T_5.7;
T_5.0 ;
    %load/vec4 v00000228d8096f20_0;
    %load/vec4 v00000228d8096840_0;
    %and;
    %store/vec4 v00000228d8095260_0, 0, 32;
    %jmp T_5.7;
T_5.1 ;
    %load/vec4 v00000228d8096f20_0;
    %load/vec4 v00000228d8096840_0;
    %or;
    %store/vec4 v00000228d8095260_0, 0, 32;
    %jmp T_5.7;
T_5.2 ;
    %load/vec4 v00000228d8096f20_0;
    %load/vec4 v00000228d8096840_0;
    %add;
    %store/vec4 v00000228d8095260_0, 0, 32;
    %jmp T_5.7;
T_5.3 ;
    %load/vec4 v00000228d8096f20_0;
    %load/vec4 v00000228d8096840_0;
    %sub;
    %store/vec4 v00000228d8095260_0, 0, 32;
    %jmp T_5.7;
T_5.4 ;
    %load/vec4 v00000228d8096f20_0;
    %load/vec4 v00000228d8096840_0;
    %cmp/u;
    %flag_mov 8, 5;
    %jmp/0 T_5.8, 8;
    %pushi/vec4 1, 0, 32;
    %jmp/1 T_5.9, 8;
T_5.8 ; End of true expr.
    %pushi/vec4 0, 0, 32;
    %jmp/0 T_5.9, 8;
 ; End of false expr.
    %blend;
T_5.9;
    %store/vec4 v00000228d8095260_0, 0, 32;
    %jmp T_5.7;
T_5.5 ;
    %load/vec4 v00000228d8096f20_0;
    %load/vec4 v00000228d8096840_0;
    %or;
    %inv;
    %store/vec4 v00000228d8095260_0, 0, 32;
    %jmp T_5.7;
T_5.7 ;
    %pop/vec4 1;
    %jmp T_5;
    .thread T_5, $push;
    .scope S_00000228d801bac0;
T_6 ;
    %pushi/vec4 0, 0, 32;
    %store/vec4 v00000228d8038cd0_0, 0, 32;
T_6.0 ;
    %load/vec4 v00000228d8038cd0_0;
    %cmpi/s 256, 0, 32;
    %jmp/0xz T_6.1, 5;
    %pushi/vec4 0, 0, 32;
    %ix/getv/s 4, v00000228d8038cd0_0;
    %store/vec4a v00000228d80393b0, 4, 0;
    %load/vec4 v00000228d8038cd0_0;
    %addi 1, 0, 32;
    %store/vec4 v00000228d8038cd0_0, 0, 32;
    %jmp T_6.0;
T_6.1 ;
    %end;
    .thread T_6;
    .scope S_00000228d801bac0;
T_7 ;
    %wait E_00000228d80302a0;
    %load/vec4 v00000228d803a0d0_0;
    %flag_set/vec4 8;
    %jmp/0xz  T_7.0, 8;
    %load/vec4 v00000228d8039770_0;
    %load/vec4 v00000228d8038690_0;
    %parti/s 8, 2, 3;
    %pad/u 10;
    %ix/vec4 4;
    %store/vec4a v00000228d80393b0, 4, 0;
T_7.0 ;
    %jmp T_7;
    .thread T_7;
    .scope S_00000228d8023ce0;
T_8 ;
    %wait E_00000228d8030a20;
    %load/vec4 v00000228d8098520_0;
    %flag_set/vec4 8;
    %jmp/0xz  T_8.0, 8;
    %pushi/vec4 0, 0, 32;
    %assign/vec4 v00000228d8098ca0_0, 0;
    %jmp T_8.1;
T_8.0 ;
    %load/vec4 v00000228d8099740_0;
    %assign/vec4 v00000228d8098ca0_0, 0;
T_8.1 ;
    %jmp T_8;
    .thread T_8;
    .scope S_00000228d803b340;
T_9 ;
    %delay 5, 0;
    %load/vec4 v00000228d80985c0_0;
    %inv;
    %store/vec4 v00000228d80985c0_0, 0, 1;
    %jmp T_9;
    .thread T_9;
    .scope S_00000228d803b340;
T_10 ;
    %pushi/vec4 0, 0, 1;
    %store/vec4 v00000228d80985c0_0, 0, 1;
    %pushi/vec4 0, 0, 1;
    %store/vec4 v00000228d8098160_0, 0, 1;
    %delay 10, 0;
    %pushi/vec4 1, 0, 1;
    %store/vec4 v00000228d8098160_0, 0, 1;
    %delay 20, 0;
    %pushi/vec4 0, 0, 1;
    %store/vec4 v00000228d8098160_0, 0, 1;
    %delay 100, 0;
    %vpi_call 2 40 "$finish" {0 0 0};
    %end;
    .thread T_10;
    .scope S_00000228d803b340;
T_11 ;
    %vpi_call 2 46 "$dumpfile", "processador.vcd" {0 0 0};
    %vpi_call 2 47 "$dumpvars", 32'sb00000000000000000000000000000000, S_00000228d803b340 {0 0 0};
    %end;
    .thread T_11;
# The file index is used to find the file name in the following table.
:file_names 16;
    "N/A";
    "<interactive>";
    ".\Simulacao.v";
    "./Processador.v";
    "./Control.v";
    "./DataMemory.v";
    "./MemoriaDeInstrucoes.v";
    "./Registradores.v";
    "./SignExtend.v";
    "./Add4.v";
    "./ALU.v";
    "./ALUControl.v";
    "./ShiftLeft2.v";
    "./Mux32.v";
    "./Mux5.v";
    "./Adder32.v";
